<?xml version="1.0" encoding="UTF-8"?>
<testsuite name="effects.decorators.generators.AddGoldDecoratorGeneratorTest" tests="1" skipped="0" failures="0" errors="0" timestamp="2021-12-22T06:04:50" hostname="ip-192-168-0-38.us-west-2.compute.internal" time="0.001">
  <properties/>
  <testcase name="add gold decorator is generated appropriately()" classname="effects.decorators.generators.AddGoldDecoratorGeneratorTest" time="0.001"/>
  <system-out><![CDATA[]]></system-out>
  <system-err><![CDATA[]]></system-err>
</testsuite>
