<?xml version="1.0" encoding="UTF-8"?>
<testsuite name="effects.decorators.generators.MultiplyGoldDecoratorGeneratorTest" tests="1" skipped="0" failures="0" errors="0" timestamp="2021-12-22T16:39:55" hostname="Chris-Perkins-C02G37BPMD6M.local" time="0.001">
  <properties/>
  <testcase name="add gold decorator is generated appropriately()" classname="effects.decorators.generators.MultiplyGoldDecoratorGeneratorTest" time="0.001"/>
  <system-out><![CDATA[]]></system-out>
  <system-err><![CDATA[]]></system-err>
</testsuite>
