<?xml version="1.0" encoding="UTF-8"?>
<testsuite name="effects.EffectModifiersTest" tests="4" skipped="0" failures="0" errors="0" timestamp="2021-12-22T06:04:50" hostname="ip-192-168-0-38.us-west-2.compute.internal" time="0.003">
  <properties/>
  <testcase name="multiply gold modifier multiplies base gold()" classname="effects.EffectModifiersTest" time="0.0"/>
  <testcase name="multiply - add to next gold effect - base modifies base gold()" classname="effects.EffectModifiersTest" time="0.0"/>
  <testcase name="add to next gold - multiply - base is (base * multiply + added amount)()" classname="effects.EffectModifiersTest" time="0.0"/>
  <testcase name="chain multiplication effects stack()" classname="effects.EffectModifiersTest" time="0.001"/>
  <system-out><![CDATA[]]></system-out>
  <system-err><![CDATA[]]></system-err>
</testsuite>
